[?1049h[22;0;0t[1;24r(B[m[4l[?7h[?1l>pygame 2.6.1 (SDL 2.28.4, Python 3.13.5)
Hello from the pygame community. https://www.pygame.org/contribute.html
Traceback (most recent call last):
  File "/usr/lib/python3.13/curses/__init__.py", line 78, in wrapper
    cbreak()
    ~~~~~~^^
_curses.error: cbreak() returned ERR

During handling of the above exception, another exception occurred:

Traceback (most recent call last):
  File "/home/jack/musicplayer/main.py", line 117, in <module>
    curses.wrapper(main)
    ~~~~~~~~~~~~~~^^^^^^
  File "/usr/lib/python3.13/curses/__init__.py", line 100, in wrapper
    nocbreak()
    ~~~~~~~~^^
_curses.error: nocbreak() returned ERR
